c:\users\ryanb\documents\projetos\system\injector\injector\release\vc142.pdb
c:\users\ryanb\documents\projetos\system\injector\injector\release\screen.obj
c:\users\ryanb\documents\projetos\system\injector\injector\release\main.obj
c:\users\ryanb\documents\projetos\system\injector\injector\release\imgui_widgets.obj
c:\users\ryanb\documents\projetos\system\injector\injector\release\imgui_impl_opengl2.obj
c:\users\ryanb\documents\projetos\system\injector\injector\release\imgui_impl_glfw.obj
c:\users\ryanb\documents\projetos\system\injector\injector\release\imgui_draw.obj
c:\users\ryanb\documents\projetos\system\injector\injector\release\imgui_demo.obj
c:\users\ryanb\documents\projetos\system\injector\injector\release\imgui.obj
c:\users\ryanb\documents\projetos\system\injector\injector\release\funcs.obj
c:\users\ryanb\documents\projetos\system\injector\release\injector.ipdb
c:\users\ryanb\documents\projetos\system\injector\release\injector.iobj
c:\users\ryanb\documents\projetos\system\injector\release\injector.exe
c:\users\ryanb\documents\projetos\system\injector\release\injector.pdb
c:\users\ryanb\documents\projetos\system\injector\injector\release\injector.tlog\cl.command.1.tlog
c:\users\ryanb\documents\projetos\system\injector\injector\release\injector.tlog\cl.read.1.tlog
c:\users\ryanb\documents\projetos\system\injector\injector\release\injector.tlog\cl.write.1.tlog
c:\users\ryanb\documents\projetos\system\injector\injector\release\injector.tlog\injector.write.1u.tlog
c:\users\ryanb\documents\projetos\system\injector\injector\release\injector.tlog\link.command.1.tlog
c:\users\ryanb\documents\projetos\system\injector\injector\release\injector.tlog\link.read.1.tlog
c:\users\ryanb\documents\projetos\system\injector\injector\release\injector.tlog\link.write.1.tlog
