c:\users\ryanb\documents\projetos\system\injector\injector\debug\vc142.pdb
c:\users\ryanb\documents\projetos\system\injector\injector\debug\vc142.idb
c:\users\ryanb\documents\projetos\system\injector\injector\debug\imgui_widgets.obj
c:\users\ryanb\documents\projetos\system\injector\injector\debug\imgui_impl_opengl2.obj
c:\users\ryanb\documents\projetos\system\injector\injector\debug\imgui_impl_glfw.obj
c:\users\ryanb\documents\projetos\system\injector\injector\debug\imgui_draw.obj
c:\users\ryanb\documents\projetos\system\injector\injector\debug\imgui_demo.obj
c:\users\ryanb\documents\projetos\system\injector\injector\debug\imgui.obj
c:\users\ryanb\documents\projetos\system\injector\injector\debug\main.obj
c:\users\ryanb\documents\projetos\system\injector\debug\injector.pdb
c:\users\ryanb\documents\projetos\system\injector\injector\debug\injector.tlog\cl.command.1.tlog
c:\users\ryanb\documents\projetos\system\injector\injector\debug\injector.tlog\cl.read.1.tlog
c:\users\ryanb\documents\projetos\system\injector\injector\debug\injector.tlog\cl.write.1.tlog
c:\users\ryanb\documents\projetos\system\injector\injector\debug\injector.tlog\link-cvtres.read.1.tlog
c:\users\ryanb\documents\projetos\system\injector\injector\debug\injector.tlog\link-cvtres.write.1.tlog
c:\users\ryanb\documents\projetos\system\injector\injector\debug\injector.tlog\link-rc.read.1.tlog
c:\users\ryanb\documents\projetos\system\injector\injector\debug\injector.tlog\link-rc.write.1.tlog
c:\users\ryanb\documents\projetos\system\injector\injector\debug\injector.tlog\link.command.1.tlog
c:\users\ryanb\documents\projetos\system\injector\injector\debug\injector.tlog\link.read.1.tlog
c:\users\ryanb\documents\projetos\system\injector\injector\debug\injector.tlog\link.write.1.tlog
